2025-04-30 21:31:27,754 - INFO - Processed ../articles\Activists_blame_policy_failures_over_climate_change_for_Nepal_Terai_s_water_cris.txt with detected language: en
2025-04-30 21:31:27,803 - INFO - Processed ../articles\Application_Open_for_a_Capacity_Building_and_Reporting_Opportunity_on_Climate_Ch.txt with detected language: en
2025-04-30 21:31:27,845 - INFO - Processed ../articles\A_desert_4_000m_in_the_sky__Nepal_s_health_workers_reach_some_of_the_world_s_mos.txt with detected language: en
2025-04-30 21:31:27,877 - INFO - Processed ../articles\A_village_in_Nepal_faces_the_wrath_of_climate_change___Asia_News_Network.txt with detected language: en
2025-04-30 21:31:27,887 - INFO - Processed ../articles\Children_and_Youth_at_the_Center_of_Nepal_s_Climate_Change_Agenda___radionepalon.txt with detected language: en
2025-04-30 21:31:27,917 - INFO - Processed ../articles\Climate_Change_Amplified_the_Effects_of_Extreme_Rainfall_in_Nepal___eos_org.txt with detected language: en
2025-04-30 21:31:27,969 - INFO - Processed ../articles\Climate_change_and_its_silent_impact_on_sexual_and_reproductive_health_in_Nepal_.txt with detected language: en
2025-04-30 21:31:27,990 - INFO - Processed ../articles\Climate_change_could_erase_Nepal_s_snow_leopards_in_three_decades__study_warns__.txt with detected language: en
2025-04-30 21:31:28,023 - INFO - Processed ../articles\Climate_change_intensifying_extreme_weather_in_Nepal__warns_ICIMOD___Down_To_Ear.txt with detected language: en
2025-04-30 21:31:28,048 - INFO - Processed ../articles\Climate_change_made_downpours_behind_deadly_Nepal_floods_10__more_intense___Stud.txt with detected language: en
2025-04-30 21:31:28,077 - INFO - Processed ../articles\Climate_Change_Made_Nepal_Floods_70__More_Likely__Experts_Say___Earth_Org.txt with detected language: en
2025-04-30 21:31:28,087 - INFO - Processed ../articles\Climate_change_sees_Nepalese_farmers_return_to_indigenous_crops___Ucanews.txt with detected language: en
2025-04-30 21:31:28,114 - INFO - Processed ../articles\Climate_crisis_stings_Nepal_s_honey_gatherers__threatens_tradition___Al_Jazeera.txt with detected language: en
2025-04-30 21:31:28,159 - INFO - Processed ../articles\Climate_migration_amplifies_gender_inequalities___Nepal___ReliefWeb.txt with detected language: en
2025-04-30 21:31:28,164 - INFO - Processed ../articles\Enhancing_the_resilience_of_food_production_systems_for_food_and_nutritional_sec.txt with detected language: en
2025-04-30 21:31:28,173 - INFO - Processed ../articles\Gender_Integration_in_Climate_Change_and_Agricultural_Policies__The_Case_of_Nepa.txt with detected language: en
2025-04-30 21:31:28,214 - INFO - Processed ../articles\How_climate_change_has_hit_Nepali_kitchens___Asia_News_Network.txt with detected language: en
2025-04-30 21:31:28,228 - INFO - Processed ../articles\Human_induced_climate_change_behind_recent_flooding_disasters_in_Nepal___Busines.txt with detected language: en
2025-04-30 21:31:28,238 - INFO - Processed ../articles\Hybrid_knowledge_and_climate_resilient_agriculture_practices_of_the_Tharu_in_the.txt with detected language: en
2025-04-30 21:31:28,244 - INFO - Processed ../articles\Indigenous_people_s_perception_of_indigenous_agricultural_knowledge_for_climate_.txt with detected language: en
2025-04-30 21:31:28,303 - INFO - Processed ../articles\In_Nepal__climate_change_is_shadowed_by_two_decades_of_surging_dengue___Gavi__th.txt with detected language: en
2025-04-30 21:31:28,318 - INFO - Processed ../articles\In_Nepal__climate_change_threatens_honey_hunters__tradition___dw_com.txt with detected language: en
2025-04-30 21:31:28,355 - INFO - Processed ../articles\Living_with_climate_change___Unicef.txt with detected language: en
2025-04-30 21:31:28,370 - INFO - Processed ../articles\Migration__Environment_and_Climate_Change_Nexus_in_Nepal__Policy_Brief__EN_NE___.txt with detected language: en
2025-04-30 21:31:28,379 - INFO - Processed ../articles\Nepal_National_Climate_Change_Policy_2019___PreventionWeb_net.txt with detected language: en
2025-04-30 21:31:28,398 - INFO - Processed ../articles\Nepal_rains_intensified_by_human_induced_climate_change__scientists___National_H.txt with detected language: en
2025-04-30 21:31:28,442 - INFO - Processed ../articles\Nepal_says_China_withholds__essential__info_on_bursting_Himalayan_glacial_lakes_.txt with detected language: en
2025-04-30 21:31:28,457 - INFO - Processed ../articles\Nepal_s_deadly_floods_trigger_calls_for_climate_adaptation___Mongabay.txt with detected language: en
2025-04-30 21:31:28,463 - INFO - Processed ../articles\Nepal_s_Mountain_Communities_Contemplate_the_End_of__Himalayan_Gold____The_Diplo.txt with detected language: en
2025-04-30 21:31:28,509 - INFO - Processed ../articles\Nepal___Country_Climate_and_Development_Report___International_Finance_Corporati.txt with detected language: en
2025-04-30 21:31:28,561 - INFO - Processed ../articles\Rapid_urbanisation_and_climate_change_key_drivers_of_dramatic_flood_impacts_in_N.txt with detected language: en
2025-04-30 21:31:28,579 - INFO - Processed ../articles\Research_on_Human_Security_Centred_and_Gender_Responsive_Migration__Environment_.txt with detected language: en
2025-04-30 21:31:28,587 - INFO - Processed ../articles\Rethinking_Climate_Finance_to_Work_for_Women_in_Nepal_s_Coffee_and_Pashmina_Valu.txt with detected language: en
2025-04-30 21:31:28,614 - INFO - Processed ../articles\Silenced__Women_s_Many_Layered_Struggles_for_Climate_Justice_in_Nepal___Global_I.txt with detected language: en
2025-04-30 21:31:28,659 - INFO - Processed ../articles\Strengthening_a_Climate_Smart__Green__and_Resilient_Education_System_in_Nepal___.txt with detected language: en
2025-04-30 21:31:28,697 - INFO - Processed ../articles\The_era_of_climate_crisis_in_Nepal__A_call_for_urgent_action___CGIAR.txt with detected language: en
2025-04-30 21:31:28,705 - INFO - Processed ../articles\United_In_the_Face_of_Disaster__Nepal_Navigates_Climate_Risks___United_Nations_S.txt with detected language: en
2025-04-30 21:31:28,745 - INFO - Processed ../articles\Wildfires_are_raging_in_Nepal___climate_change_isn_t_the_only_culprit___Nature.txt with detected language: en
2025-04-30 21:31:28,771 - INFO - Processed ../articles\_The_world_is_facing_a_child_rights_crisis____The_Himalayan_Times.txt with detected language: en
2025-04-30 21:31:28,776 - INFO - Processed ../articles\_This_app_saved_my_farm___How_technology_is_helping_Nepali_farmers_fight_climate.txt with detected language: en
2025-04-30 21:34:57,567 - INFO - Processed Activists_blame_policy_failures_over_climate_change_for_Nepal_Terai_s_water_cris.txt with detected language: en
2025-04-30 21:34:57,610 - INFO - Processed Application_Open_for_a_Capacity_Building_and_Reporting_Opportunity_on_Climate_Ch.txt with detected language: en
2025-04-30 21:34:57,648 - INFO - Processed A_desert_4_000m_in_the_sky__Nepal_s_health_workers_reach_some_of_the_world_s_mos.txt with detected language: en
2025-04-30 21:34:57,669 - INFO - Processed A_village_in_Nepal_faces_the_wrath_of_climate_change___Asia_News_Network.txt with detected language: en
2025-04-30 21:34:57,672 - INFO - Processed Children_and_Youth_at_the_Center_of_Nepal_s_Climate_Change_Agenda___radionepalon.txt with detected language: en
2025-04-30 21:34:57,695 - INFO - Processed Climate_Change_Amplified_the_Effects_of_Extreme_Rainfall_in_Nepal___eos_org.txt with detected language: en
2025-04-30 21:34:57,726 - INFO - Processed Climate_change_and_its_silent_impact_on_sexual_and_reproductive_health_in_Nepal_.txt with detected language: en
2025-04-30 21:34:57,739 - INFO - Processed Climate_change_could_erase_Nepal_s_snow_leopards_in_three_decades__study_warns__.txt with detected language: en
2025-04-30 21:34:57,766 - INFO - Processed Climate_change_intensifying_extreme_weather_in_Nepal__warns_ICIMOD___Down_To_Ear.txt with detected language: en
2025-04-30 21:34:57,781 - INFO - Processed Climate_change_made_downpours_behind_deadly_Nepal_floods_10__more_intense___Stud.txt with detected language: en
2025-04-30 21:34:57,796 - INFO - Processed Climate_Change_Made_Nepal_Floods_70__More_Likely__Experts_Say___Earth_Org.txt with detected language: en
2025-04-30 21:34:57,804 - INFO - Processed Climate_change_sees_Nepalese_farmers_return_to_indigenous_crops___Ucanews.txt with detected language: en
2025-04-30 21:34:57,823 - INFO - Processed Climate_crisis_stings_Nepal_s_honey_gatherers__threatens_tradition___Al_Jazeera.txt with detected language: en
2025-04-30 21:34:57,868 - INFO - Processed Climate_migration_amplifies_gender_inequalities___Nepal___ReliefWeb.txt with detected language: en
2025-04-30 21:34:57,874 - INFO - Processed Enhancing_the_resilience_of_food_production_systems_for_food_and_nutritional_sec.txt with detected language: en
2025-04-30 21:34:57,879 - INFO - Processed Gender_Integration_in_Climate_Change_and_Agricultural_Policies__The_Case_of_Nepa.txt with detected language: en
2025-04-30 21:34:57,903 - INFO - Processed How_climate_change_has_hit_Nepali_kitchens___Asia_News_Network.txt with detected language: en
2025-04-30 21:34:57,908 - INFO - Processed Human_induced_climate_change_behind_recent_flooding_disasters_in_Nepal___Busines.txt with detected language: en
2025-04-30 21:34:57,912 - INFO - Processed Hybrid_knowledge_and_climate_resilient_agriculture_practices_of_the_Tharu_in_the.txt with detected language: en
2025-04-30 21:34:57,917 - INFO - Processed Indigenous_people_s_perception_of_indigenous_agricultural_knowledge_for_climate_.txt with detected language: en
2025-04-30 21:34:57,957 - INFO - Processed In_Nepal__climate_change_is_shadowed_by_two_decades_of_surging_dengue___Gavi__th.txt with detected language: en
2025-04-30 21:34:57,970 - INFO - Processed In_Nepal__climate_change_threatens_honey_hunters__tradition___dw_com.txt with detected language: en
2025-04-30 21:34:57,999 - INFO - Processed Living_with_climate_change___Unicef.txt with detected language: en
2025-04-30 21:34:58,024 - INFO - Processed Migration__Environment_and_Climate_Change_Nexus_in_Nepal__Policy_Brief__EN_NE___.txt with detected language: en
2025-04-30 21:34:58,033 - INFO - Processed Nepal_National_Climate_Change_Policy_2019___PreventionWeb_net.txt with detected language: en
2025-04-30 21:34:58,054 - INFO - Processed Nepal_rains_intensified_by_human_induced_climate_change__scientists___National_H.txt with detected language: en
2025-04-30 21:34:58,088 - INFO - Processed Nepal_says_China_withholds__essential__info_on_bursting_Himalayan_glacial_lakes_.txt with detected language: en
2025-04-30 21:34:58,099 - INFO - Processed Nepal_s_deadly_floods_trigger_calls_for_climate_adaptation___Mongabay.txt with detected language: en
2025-04-30 21:34:58,105 - INFO - Processed Nepal_s_Mountain_Communities_Contemplate_the_End_of__Himalayan_Gold____The_Diplo.txt with detected language: en
2025-04-30 21:34:58,126 - INFO - Processed Nepal___Country_Climate_and_Development_Report___International_Finance_Corporati.txt with detected language: en
2025-04-30 21:34:58,151 - INFO - Processed Rapid_urbanisation_and_climate_change_key_drivers_of_dramatic_flood_impacts_in_N.txt with detected language: en
2025-04-30 21:34:58,166 - INFO - Processed Research_on_Human_Security_Centred_and_Gender_Responsive_Migration__Environment_.txt with detected language: en
2025-04-30 21:34:58,172 - INFO - Processed Rethinking_Climate_Finance_to_Work_for_Women_in_Nepal_s_Coffee_and_Pashmina_Valu.txt with detected language: en
2025-04-30 21:34:58,198 - INFO - Processed Silenced__Women_s_Many_Layered_Struggles_for_Climate_Justice_in_Nepal___Global_I.txt with detected language: en
2025-04-30 21:34:58,239 - INFO - Processed Strengthening_a_Climate_Smart__Green__and_Resilient_Education_System_in_Nepal___.txt with detected language: en
2025-04-30 21:34:58,265 - INFO - Processed The_era_of_climate_crisis_in_Nepal__A_call_for_urgent_action___CGIAR.txt with detected language: en
2025-04-30 21:34:58,270 - INFO - Processed United_In_the_Face_of_Disaster__Nepal_Navigates_Climate_Risks___United_Nations_S.txt with detected language: en
2025-04-30 21:34:58,293 - INFO - Processed Wildfires_are_raging_in_Nepal___climate_change_isn_t_the_only_culprit___Nature.txt with detected language: en
2025-04-30 21:34:58,311 - INFO - Processed _The_world_is_facing_a_child_rights_crisis____The_Himalayan_Times.txt with detected language: en
2025-04-30 21:34:58,318 - INFO - Processed _This_app_saved_my_farm___How_technology_is_helping_Nepali_farmers_fight_climate.txt with detected language: en
2025-04-30 21:34:58,319 - INFO - Language detection output saved at trained_model\language_model\detected_languages.txt
